Analysis & Synthesis report for finalTermProject
Mon Apr 29 22:18:45 2019
Quartus II Version 9.1 Build 350 03/24/2010 Service Pack 2 SJ Web Edition


---------------------
; Table of Contents ;
---------------------
  1. Legal Notice
  2. Analysis & Synthesis Summary
  3. Analysis & Synthesis Settings
  4. Parallel Compilation
  5. Analysis & Synthesis Source Files Read
  6. Analysis & Synthesis Resource Usage Summary
  7. Analysis & Synthesis Resource Utilization by Entity
  8. General Register Statistics
  9. Parameter Settings for User Entity Instance: Top-level Entity: |finalTermProject
 10. Port Connectivity Checks: "clock_4:comb_5"
 11. Analysis & Synthesis Messages
 12. Analysis & Synthesis Suppressed Messages



----------------
; Legal Notice ;
----------------
Copyright (C) 1991-2010 Altera Corporation
Your use of Altera Corporation's design tools, logic functions 
and other software and tools, and its AMPP partner logic 
functions, and any output files from any of the foregoing 
(including device programming or simulation files), and any 
associated documentation or information are expressly subject 
to the terms and conditions of the Altera Program License 
Subscription Agreement, Altera MegaCore Function License 
Agreement, or other applicable license agreement, including, 
without limitation, that your use is for the sole purpose of 
programming logic devices manufactured by Altera and sold by 
Altera or its authorized distributors.  Please refer to the 
applicable agreement for further details.



+-----------------------------------------------------------------------------------+
; Analysis & Synthesis Summary                                                      ;
+------------------------------------+----------------------------------------------+
; Analysis & Synthesis Status        ; Successful - Mon Apr 29 22:18:45 2019        ;
; Quartus II Version                 ; 9.1 Build 350 03/24/2010 SP 2 SJ Web Edition ;
; Revision Name                      ; finalTermProject                             ;
; Top-level Entity Name              ; finalTermProject                             ;
; Family                             ; Cyclone IV E                                 ;
; Total logic elements               ; 28                                           ;
;     Total combinational functions  ; 28                                           ;
;     Dedicated logic registers      ; 3                                            ;
; Total registers                    ; 3                                            ;
; Total pins                         ; 41                                           ;
; Total virtual pins                 ; 0                                            ;
; Total memory bits                  ; 0                                            ;
; Embedded Multiplier 9-bit elements ; 0                                            ;
; Total PLLs                         ; 0                                            ;
+------------------------------------+----------------------------------------------+


+----------------------------------------------------------------------------------------------------------------------+
; Analysis & Synthesis Settings                                                                                        ;
+----------------------------------------------------------------------------+--------------------+--------------------+
; Option                                                                     ; Setting            ; Default Value      ;
+----------------------------------------------------------------------------+--------------------+--------------------+
; Device                                                                     ; EP4CE115F29C7      ;                    ;
; Top-level entity name                                                      ; finalTermProject   ; finalTermProject   ;
; Family name                                                                ; Cyclone IV E       ; Stratix II         ;
; Use Generated Physical Constraints File                                    ; Off                ;                    ;
; Use smart compilation                                                      ; Off                ; Off                ;
; Enable parallel Assembler and TimeQuest Timing Analyzer during compilation ; On                 ; On                 ;
; Enable compact report table                                                ; Off                ; Off                ;
; Restructure Multiplexers                                                   ; Auto               ; Auto               ;
; Create Debugging Nodes for IP Cores                                        ; Off                ; Off                ;
; Preserve fewer node names                                                  ; On                 ; On                 ;
; Disable OpenCore Plus hardware evaluation                                  ; Off                ; Off                ;
; Verilog Version                                                            ; Verilog_2001       ; Verilog_2001       ;
; VHDL Version                                                               ; VHDL_1993          ; VHDL_1993          ;
; State Machine Processing                                                   ; Auto               ; Auto               ;
; Safe State Machine                                                         ; Off                ; Off                ;
; Extract Verilog State Machines                                             ; On                 ; On                 ;
; Extract VHDL State Machines                                                ; On                 ; On                 ;
; Ignore Verilog initial constructs                                          ; Off                ; Off                ;
; Iteration limit for constant Verilog loops                                 ; 5000               ; 5000               ;
; Iteration limit for non-constant Verilog loops                             ; 250                ; 250                ;
; Add Pass-Through Logic to Inferred RAMs                                    ; On                 ; On                 ;
; Parallel Synthesis                                                         ; On                 ; On                 ;
; DSP Block Balancing                                                        ; Auto               ; Auto               ;
; NOT Gate Push-Back                                                         ; On                 ; On                 ;
; Power-Up Don't Care                                                        ; On                 ; On                 ;
; Remove Redundant Logic Cells                                               ; Off                ; Off                ;
; Remove Duplicate Registers                                                 ; On                 ; On                 ;
; Ignore CARRY Buffers                                                       ; Off                ; Off                ;
; Ignore CASCADE Buffers                                                     ; Off                ; Off                ;
; Ignore GLOBAL Buffers                                                      ; Off                ; Off                ;
; Ignore ROW GLOBAL Buffers                                                  ; Off                ; Off                ;
; Ignore LCELL Buffers                                                       ; Off                ; Off                ;
; Ignore SOFT Buffers                                                        ; On                 ; On                 ;
; Limit AHDL Integers to 32 Bits                                             ; Off                ; Off                ;
; Optimization Technique                                                     ; Balanced           ; Balanced           ;
; Carry Chain Length                                                         ; 70                 ; 70                 ;
; Auto Carry Chains                                                          ; On                 ; On                 ;
; Auto Open-Drain Pins                                                       ; On                 ; On                 ;
; Perform WYSIWYG Primitive Resynthesis                                      ; Off                ; Off                ;
; Auto ROM Replacement                                                       ; On                 ; On                 ;
; Auto RAM Replacement                                                       ; On                 ; On                 ;
; Auto DSP Block Replacement                                                 ; On                 ; On                 ;
; Auto Shift Register Replacement                                            ; Auto               ; Auto               ;
; Auto Clock Enable Replacement                                              ; On                 ; On                 ;
; Strict RAM Replacement                                                     ; Off                ; Off                ;
; Allow Synchronous Control Signals                                          ; On                 ; On                 ;
; Force Use of Synchronous Clear Signals                                     ; Off                ; Off                ;
; Auto RAM Block Balancing                                                   ; On                 ; On                 ;
; Auto RAM to Logic Cell Conversion                                          ; Off                ; Off                ;
; Auto Resource Sharing                                                      ; Off                ; Off                ;
; Allow Any RAM Size For Recognition                                         ; Off                ; Off                ;
; Allow Any ROM Size For Recognition                                         ; Off                ; Off                ;
; Allow Any Shift Register Size For Recognition                              ; Off                ; Off                ;
; Use LogicLock Constraints during Resource Balancing                        ; On                 ; On                 ;
; Ignore translate_off and synthesis_off directives                          ; Off                ; Off                ;
; Timing-Driven Synthesis                                                    ; On                 ; On                 ;
; Show Parameter Settings Tables in Synthesis Report                         ; On                 ; On                 ;
; Ignore Maximum Fan-Out Assignments                                         ; Off                ; Off                ;
; Synchronization Register Chain Length                                      ; 2                  ; 2                  ;
; PowerPlay Power Optimization                                               ; Normal compilation ; Normal compilation ;
; HDL message level                                                          ; Level2             ; Level2             ;
; Suppress Register Optimization Related Messages                            ; Off                ; Off                ;
; Number of Removed Registers Reported in Synthesis Report                   ; 5000               ; 5000               ;
; Number of Inverted Registers Reported in Synthesis Report                  ; 100                ; 100                ;
; Clock MUX Protection                                                       ; On                 ; On                 ;
; Auto Gated Clock Conversion                                                ; Off                ; Off                ;
; Block Design Naming                                                        ; Auto               ; Auto               ;
; SDC constraint protection                                                  ; Off                ; Off                ;
; Synthesis Effort                                                           ; Auto               ; Auto               ;
; Shift Register Replacement - Allow Asynchronous Clear Signal               ; On                 ; On                 ;
; Analysis & Synthesis Message Level                                         ; Medium             ; Medium             ;
; Disable Register Merging Across Hierarchies                                ; Auto               ; Auto               ;
; Resource Aware Inference For Block RAM                                     ; On                 ; On                 ;
+----------------------------------------------------------------------------+--------------------+--------------------+


Parallel compilation was disabled, but you have multiple processors available. Enable parallel compilation to reduce compilation time.
+-------------------------------------+
; Parallel Compilation                ;
+----------------------------+--------+
; Processors                 ; Number ;
+----------------------------+--------+
; Number detected on machine ; 4      ;
; Maximum allowed            ; 1      ;
+----------------------------+--------+


+------------------------------------------------------------------------------------------------------------------------------------------+
; Analysis & Synthesis Source Files Read                                                                                                   ;
+----------------------------------+-----------------+------------------------+------------------------------------------------------------+
; File Name with User-Entered Path ; Used in Netlist ; File Type              ; File Name with Absolute Path                               ;
+----------------------------------+-----------------+------------------------+------------------------------------------------------------+
; main.v                           ; yes             ; User Verilog HDL File  ; C:/Users/kimha/Documents/KU/2_1/정논설/assignment#2/main.v ;
+----------------------------------+-----------------+------------------------+------------------------------------------------------------+


+-----------------------------------------------------------------------+
; Analysis & Synthesis Resource Usage Summary                           ;
+---------------------------------------------+-------------------------+
; Resource                                    ; Usage                   ;
+---------------------------------------------+-------------------------+
; Estimated Total logic elements              ; 28                      ;
;                                             ;                         ;
; Total combinational functions               ; 28                      ;
; Logic element usage by number of LUT inputs ;                         ;
;     -- 4 input functions                    ; 8                       ;
;     -- 3 input functions                    ; 17                      ;
;     -- <=2 input functions                  ; 3                       ;
;                                             ;                         ;
; Logic elements by mode                      ;                         ;
;     -- normal mode                          ; 28                      ;
;     -- arithmetic mode                      ; 0                       ;
;                                             ;                         ;
; Total registers                             ; 3                       ;
;     -- Dedicated logic registers            ; 3                       ;
;     -- I/O registers                        ; 0                       ;
;                                             ;                         ;
; I/O pins                                    ; 41                      ;
; Maximum fan-out node                        ; d_flip_flop:comb_8|dout ;
; Maximum fan-out                             ; 25                      ;
; Total fan-out                               ; 168                     ;
; Average fan-out                             ; 1.49                    ;
+---------------------------------------------+-------------------------+


+----------------------------------------------------------------------------------------------------------------------------------------------------------------------------------------------+
; Analysis & Synthesis Resource Utilization by Entity                                                                                                                                          ;
+----------------------------+-------------------+--------------+-------------+--------------+---------+-----------+------+--------------+--------------------------------------+--------------+
; Compilation Hierarchy Node ; LC Combinationals ; LC Registers ; Memory Bits ; DSP Elements ; DSP 9x9 ; DSP 18x18 ; Pins ; Virtual Pins ; Full Hierarchy Name                  ; Library Name ;
+----------------------------+-------------------+--------------+-------------+--------------+---------+-----------+------+--------------+--------------------------------------+--------------+
; |finalTermProject          ; 28 (17)           ; 3 (0)        ; 0           ; 0            ; 0       ; 0         ; 41   ; 0            ; |finalTermProject                    ; work         ;
;    |d_flip_flop:comb_7|    ; 3 (3)             ; 1 (1)        ; 0           ; 0            ; 0       ; 0         ; 0    ; 0            ; |finalTermProject|d_flip_flop:comb_7 ;              ;
;    |d_flip_flop:comb_8|    ; 4 (4)             ; 1 (1)        ; 0           ; 0            ; 0       ; 0         ; 0    ; 0            ; |finalTermProject|d_flip_flop:comb_8 ;              ;
;    |d_flip_flop:comb_9|    ; 3 (3)             ; 1 (1)        ; 0           ; 0            ; 0       ; 0         ; 0    ; 0            ; |finalTermProject|d_flip_flop:comb_9 ;              ;
;    |input_pulse:comb_3|    ; 1 (1)             ; 0 (0)        ; 0           ; 0            ; 0       ; 0         ; 0    ; 0            ; |finalTermProject|input_pulse:comb_3 ;              ;
+----------------------------+-------------------+--------------+-------------+--------------+---------+-----------+------+--------------+--------------------------------------+--------------+
Note: For table entries with two numbers listed, the numbers in parentheses indicate the number of resources of the given type used by the specific entity alone. The numbers listed outside of parentheses indicate the total resources of the given type used by the specific entity and all of its sub-entities in the hierarchy.


+------------------------------------------------------+
; General Register Statistics                          ;
+----------------------------------------------+-------+
; Statistic                                    ; Value ;
+----------------------------------------------+-------+
; Total registers                              ; 3     ;
; Number of registers using Synchronous Clear  ; 0     ;
; Number of registers using Synchronous Load   ; 0     ;
; Number of registers using Asynchronous Clear ; 0     ;
; Number of registers using Asynchronous Load  ; 0     ;
; Number of registers using Clock Enable       ; 0     ;
; Number of registers using Preset             ; 0     ;
+----------------------------------------------+-------+


+----------------------------------------------------------------------------------+
; Parameter Settings for User Entity Instance: Top-level Entity: |finalTermProject ;
+----------------+---------+-------------------------------------------------------+
; Parameter Name ; Value   ; Type                                                  ;
+----------------+---------+-------------------------------------------------------+
; Seg9           ; 0001100 ; Unsigned Binary                                       ;
; Seg8           ; 0000000 ; Unsigned Binary                                       ;
; Seg7           ; 0001111 ; Unsigned Binary                                       ;
; Seg6           ; 0100000 ; Unsigned Binary                                       ;
; Seg5           ; 0100100 ; Unsigned Binary                                       ;
; Seg4           ; 1001100 ; Unsigned Binary                                       ;
; Seg3           ; 0000110 ; Unsigned Binary                                       ;
; Seg2           ; 0010010 ; Unsigned Binary                                       ;
; Seg1           ; 1001111 ; Unsigned Binary                                       ;
; Seg0           ; 0000001 ; Unsigned Binary                                       ;
; SegX           ; 1111111 ; Unsigned Binary                                       ;
+----------------+---------+-------------------------------------------------------+
Note: In order to hide this table in the UI and the text report file, please set the "Show Parameter Settings Tables in Synthesis Report" option in "Analysis and Synthesis Settings -> More Settings" to "Off".


+------------------------------------------------------------------------------------------------------------------+
; Port Connectivity Checks: "clock_4:comb_5"                                                                       ;
+--------+--------+----------+-------------------------------------------------------------------------------------+
; Port   ; Type   ; Severity ; Details                                                                             ;
+--------+--------+----------+-------------------------------------------------------------------------------------+
; newclk ; Output ; Info     ; Connected to dangling logic. Logic that only feeds a dangling port will be removed. ;
+--------+--------+----------+-------------------------------------------------------------------------------------+


+-------------------------------+
; Analysis & Synthesis Messages ;
+-------------------------------+
Info: *******************************************************************
Info: Running Quartus II Analysis & Synthesis
    Info: Version 9.1 Build 350 03/24/2010 Service Pack 2 SJ Web Edition
    Info: Processing started: Mon Apr 29 22:18:43 2019
Info: Command: quartus_map --read_settings_files=on --write_settings_files=off finalTermProject -c finalTermProject
Info: Found 7 design units, including 7 entities, in source file main.v
    Info: Found entity 1: finalTermProject
    Info: Found entity 2: input_pulse
    Info: Found entity 3: input_encoder
    Info: Found entity 4: conventionalLogic
    Info: Found entity 5: d_flip_flop
    Info: Found entity 6: clock_4
    Info: Found entity 7: clock_8
Critical Warning (10846): Verilog HDL Instantiation warning at main.v(17): instance has no name
Critical Warning (10846): Verilog HDL Instantiation warning at main.v(18): instance has no name
Critical Warning (10846): Verilog HDL Instantiation warning at main.v(19): instance has no name
Critical Warning (10846): Verilog HDL Instantiation warning at main.v(21): instance has no name
Critical Warning (10846): Verilog HDL Instantiation warning at main.v(23): instance has no name
Critical Warning (10846): Verilog HDL Instantiation warning at main.v(24): instance has no name
Critical Warning (10846): Verilog HDL Instantiation warning at main.v(25): instance has no name
Info: Elaborating entity "finalTermProject" for the top level hierarchy
Warning (10199): Verilog HDL Case Statement warning at main.v(63): case item expression never matches the case expression
Warning (10199): Verilog HDL Case Statement warning at main.v(64): case item expression never matches the case expression
Info: Elaborating entity "input_pulse" for hierarchy "input_pulse:comb_3"
Info: Elaborating entity "input_encoder" for hierarchy "input_encoder:comb_4"
Info: Elaborating entity "clock_4" for hierarchy "clock_4:comb_5"
Info: Elaborating entity "conventionalLogic" for hierarchy "conventionalLogic:comb_6"
Info: Elaborating entity "d_flip_flop" for hierarchy "d_flip_flop:comb_7"
Warning: Output pins are stuck at VCC or GND
    Warning (13410): Pin "HEX4[6]" is stuck at VCC
    Warning (13410): Pin "HEX4[2]" is stuck at GND
    Warning (13410): Pin "HEX4[1]" is stuck at GND
Info: Timing-Driven Synthesis is running
Info: Generated suppressed messages file C:/Users/kimha/Documents/KU/2_1/정논설/assignment#2/finalTermProject.map.smsg
Warning: Design contains 1 input pin(s) that do not drive logic
    Warning (15610): No output dependent on input pin "CLOCK_50"
Info: Implemented 69 device resources after synthesis - the final resource count might be different
    Info: Implemented 6 input pins
    Info: Implemented 35 output pins
    Info: Implemented 28 logic cells
Info: Quartus II Analysis & Synthesis was successful. 0 errors, 15 warnings
    Info: Peak virtual memory: 235 megabytes
    Info: Processing ended: Mon Apr 29 22:18:45 2019
    Info: Elapsed time: 00:00:02
    Info: Total CPU time (on all processors): 00:00:02


+------------------------------------------+
; Analysis & Synthesis Suppressed Messages ;
+------------------------------------------+
The suppressed messages can be found in C:/Users/kimha/Documents/KU/2_1/정논설/assignment#2/finalTermProject.map.smsg.


